{"name": "test_addcandidate[chrome]", "status": "broken", "statusDetails": {"message": "selenium.common.exceptions.SessionNotCreatedException: Message: session not created: This version of ChromeDriver only supports Chrome version 114\nCurrent browser version is 129.0.6668.59 with binary path C:\\Users\\karim.belboukhari\\AppData\\Local\\Chromium\\Application\\chrome.exe\nStacktrace:\nBacktrace:\n\tGetHandleVerifier [0x00EEA813+48355]\n\t(No symbol) [0x00E7C4B1]\n\t(No symbol) [0x00D85358]\n\t(No symbol) [0x00DA61AC]\n\t(No symbol) [0x00DA1EF3]\n\t(No symbol) [0x00DA0579]\n\t(No symbol) [0x00DD0C55]\n\t(No symbol) [0x00DD093C]\n\t(No symbol) [0x00DCA536]\n\t(No symbol) [0x00DA82DC]\n\t(No symbol) [0x00DA93DD]\n\tGetHandleVerifier [0x0114AABD+2539405]\n\tGetHandleVerifier [0x0118A78F+2800735]\n\tGetHandleVerifier [0x0118456C+2775612]\n\tGetHandleVerifier [0x00F751E0+616112]\n\t(No symbol) [0x00E85F8C]\n\t(No symbol) [0x00E82328]\n\t(No symbol) [0x00E8240B]\n\t(No symbol) [0x00E74FF7]\n\t(No symbol) [0x75D3FCC9]\n\tRtlGetAppContainerNamedObjectPath [0x76EF80CE+286]\n\tRtlGetAppContainerNamedObjectPath [0x76EF809E+238]", "trace": "request = <SubRequest 'setup' for <Function test_addcandidate[chrome]>>\n\n    @pytest.fixture(params=[\"chrome\", \"firefox\", \"edge\"], scope=\"function\")\n    def setup(request):\n        driver = None\n        browser = request.param\n    \n        # Initialize WebDriver based on the requested browser\n        if browser == \"chrome\":\n            service = ChromeService(ChromeDriverManager().install())\n>           driver = webdriver.Chrome(service=service)\n\ntests\\conftest.py:20: \n_ _ _ _ _ _ _ _ _ _ _ _ _ _ _ _ _ _ _ _ _ _ _ _ _ _ _ _ _ _ _ _ _ _ _ _ _ _ _ _ _ _ _ _ _ _ _ _ _ _ _ _ _ _ _ _ _ _ _ _ _ _ _ _ _ _ _ _ _ _ _ _ _ _ _ _ _\nvenv\\Lib\\site-packages\\selenium\\webdriver\\chrome\\webdriver.py:45: in __init__\n    super().__init__(\nvenv\\Lib\\site-packages\\selenium\\webdriver\\chromium\\webdriver.py:66: in __init__\n    super().__init__(command_executor=executor, options=options)\nvenv\\Lib\\site-packages\\selenium\\webdriver\\remote\\webdriver.py:212: in __init__\n    self.start_session(capabilities)\nvenv\\Lib\\site-packages\\selenium\\webdriver\\remote\\webdriver.py:299: in start_session\n    response = self.execute(Command.NEW_SESSION, caps)[\"value\"]\nvenv\\Lib\\site-packages\\selenium\\webdriver\\remote\\webdriver.py:354: in execute\n    self.error_handler.check_response(response)\n_ _ _ _ _ _ _ _ _ _ _ _ _ _ _ _ _ _ _ _ _ _ _ _ _ _ _ _ _ _ _ _ _ _ _ _ _ _ _ _ _ _ _ _ _ _ _ _ _ _ _ _ _ _ _ _ _ _ _ _ _ _ _ _ _ _ _ _ _ _ _ _ _ _ _ _ _\n\nself = <selenium.webdriver.remote.errorhandler.ErrorHandler object at 0x000001BD62FFD400>\nresponse = {'status': 500, 'value': '{\"value\":{\"error\":\"session not created\",\"message\":\"session not created: This version of Chro...\\n\\\\tRtlGetAppContainerNamedObjectPath [0x76EF80CE+286]\\\\n\\\\tRtlGetAppContainerNamedObjectPath [0x76EF809E+238]\\\\n\"}}'}\n\n    def check_response(self, response: Dict[str, Any]) -> None:\n        \"\"\"Checks that a JSON response from the WebDriver does not have an\n        error.\n    \n        :Args:\n         - response - The JSON response from the WebDriver server as a dictionary\n           object.\n    \n        :Raises: If the response contains an error message.\n        \"\"\"\n        status = response.get(\"status\", None)\n        if not status or status == ErrorCode.SUCCESS:\n            return\n        value = None\n        message = response.get(\"message\", \"\")\n        screen: str = response.get(\"screen\", \"\")\n        stacktrace = None\n        if isinstance(status, int):\n            value_json = response.get(\"value\", None)\n            if value_json and isinstance(value_json, str):\n                import json\n    \n                try:\n                    value = json.loads(value_json)\n                    if len(value) == 1:\n                        value = value[\"value\"]\n                    status = value.get(\"error\", None)\n                    if not status:\n                        status = value.get(\"status\", ErrorCode.UNKNOWN_ERROR)\n                        message = value.get(\"value\") or value.get(\"message\")\n                        if not isinstance(message, str):\n                            value = message\n                            message = message.get(\"message\")\n                    else:\n                        message = value.get(\"message\", None)\n                except ValueError:\n                    pass\n    \n        exception_class: Type[WebDriverException]\n        e = ErrorCode()\n        error_codes = [item for item in dir(e) if not item.startswith(\"__\")]\n        for error_code in error_codes:\n            error_info = getattr(ErrorCode, error_code)\n            if isinstance(error_info, list) and status in error_info:\n                exception_class = getattr(ExceptionMapping, error_code, WebDriverException)\n                break\n        else:\n            exception_class = WebDriverException\n    \n        if not value:\n            value = response[\"value\"]\n        if isinstance(value, str):\n            raise exception_class(value)\n        if message == \"\" and \"message\" in value:\n            message = value[\"message\"]\n    \n        screen = None  # type: ignore[assignment]\n        if \"screen\" in value:\n            screen = value[\"screen\"]\n    \n        stacktrace = None\n        st_value = value.get(\"stackTrace\") or value.get(\"stacktrace\")\n        if st_value:\n            if isinstance(st_value, str):\n                stacktrace = st_value.split(\"\\n\")\n            else:\n                stacktrace = []\n                try:\n                    for frame in st_value:\n                        line = frame.get(\"lineNumber\", \"\")\n                        file = frame.get(\"fileName\", \"<anonymous>\")\n                        if line:\n                            file = f\"{file}:{line}\"\n                        meth = frame.get(\"methodName\", \"<anonymous>\")\n                        if \"className\" in frame:\n                            meth = f\"{frame['className']}.{meth}\"\n                        msg = \"    at %s (%s)\"\n                        msg = msg % (meth, file)\n                        stacktrace.append(msg)\n                except TypeError:\n                    pass\n        if exception_class == UnexpectedAlertPresentException:\n            alert_text = None\n            if \"data\" in value:\n                alert_text = value[\"data\"].get(\"text\")\n            elif \"alert\" in value:\n                alert_text = value[\"alert\"].get(\"text\")\n            raise exception_class(message, screen, stacktrace, alert_text)  # type: ignore[call-arg]  # mypy is not smart enough here\n>       raise exception_class(message, screen, stacktrace)\nE       selenium.common.exceptions.SessionNotCreatedException: Message: session not created: This version of ChromeDriver only supports Chrome version 114\nE       Current browser version is 129.0.6668.59 with binary path C:\\Users\\karim.belboukhari\\AppData\\Local\\Chromium\\Application\\chrome.exe\nE       Stacktrace:\nE       Backtrace:\nE       \tGetHandleVerifier [0x00EEA813+48355]\nE       \t(No symbol) [0x00E7C4B1]\nE       \t(No symbol) [0x00D85358]\nE       \t(No symbol) [0x00DA61AC]\nE       \t(No symbol) [0x00DA1EF3]\nE       \t(No symbol) [0x00DA0579]\nE       \t(No symbol) [0x00DD0C55]\nE       \t(No symbol) [0x00DD093C]\nE       \t(No symbol) [0x00DCA536]\nE       \t(No symbol) [0x00DA82DC]\nE       \t(No symbol) [0x00DA93DD]\nE       \tGetHandleVerifier [0x0114AABD+2539405]\nE       \tGetHandleVerifier [0x0118A78F+2800735]\nE       \tGetHandleVerifier [0x0118456C+2775612]\nE       \tGetHandleVerifier [0x00F751E0+616112]\nE       \t(No symbol) [0x00E85F8C]\nE       \t(No symbol) [0x00E82328]\nE       \t(No symbol) [0x00E8240B]\nE       \t(No symbol) [0x00E74FF7]\nE       \t(No symbol) [0x75D3FCC9]\nE       \tRtlGetAppContainerNamedObjectPath [0x76EF80CE+286]\nE       \tRtlGetAppContainerNamedObjectPath [0x76EF809E+238]\n\nvenv\\Lib\\site-packages\\selenium\\webdriver\\remote\\errorhandler.py:229: SessionNotCreatedException"}, "parameters": [{"name": "setup", "value": "'chrome'"}], "start": 1729648802298, "stop": 1729648802298, "uuid": "568b8b79-2e00-46c6-a1f1-faed4a2a480e", "historyId": "7d0ef78932cbe2257c15a4341ba6f4ac", "testCaseId": "40d4f94854223d518707fee36fea6c85", "fullName": "tests.test_add_candidate.TestAddCandidate#test_addcandidate", "labels": [{"name": "severity", "value": "critical"}, {"name": "tag", "value": "Sanity"}, {"name": "parentSuite", "value": "tests"}, {"name": "suite", "value": "test_add_candidate"}, {"name": "subSuite", "value": "TestAddCandidate"}, {"name": "host", "value": "CNXFCM5LHW3MGRL"}, {"name": "thread", "value": "14152-MainThread"}, {"name": "framework", "value": "pytest"}, {"name": "language", "value": "cpython3"}, {"name": "package", "value": "tests.test_add_candidate"}]}